[17:00:39] [main/INFO]: Setting user: Player333
[17:00:41] [Client thread/INFO]: LWJGL Version: 2.9.1
[17:00:49] [Client thread/INFO]: Reloading ResourceManager: Default, FMLFileResourcePack:Forge Mod Loader, FMLFileResourcePack:Minecraft Forge, FMLFileResourcePack:Infinity Diamonds LXXXII
[17:00:53] [Sound Library Loader/INFO]: Sound engine started
[17:00:53] [Client thread/INFO]: Created: 512x256 textures/blocks-atlas
[17:00:53] [Client thread/INFO]: Created: 256x256 textures/items-atlas
[17:00:54] [Client thread/INFO]: Reloading ResourceManager: Default, FMLFileResourcePack:Forge Mod Loader, FMLFileResourcePack:Minecraft Forge, FMLFileResourcePack:Infinity Diamonds LXXXII
[17:00:54] [Client thread/INFO]: Created: 512x256 textures/blocks-atlas
[17:00:54] [Client thread/INFO]: Created: 256x256 textures/items-atlas
[17:00:56] [Sound Library Loader/INFO]: Sound engine started
[17:01:05] [Server thread/INFO]: Starting integrated minecraft server version 1.7.10
[17:01:05] [Server thread/INFO]: Generating keypair
[17:01:06] [Server thread/INFO]: Preparing start region for level 0
[17:01:07] [Server thread/INFO]: Preparing spawn area: 22%
[17:01:08] [Server thread/INFO]: Preparing spawn area: 72%
[17:01:10] [Server thread/INFO]: Changing view distance to 8, from 10
[17:01:12] [Server thread/INFO]: Player333[local:E:9c6f80d7] logged in with entity id 388 at (-148.5, 69.0, 226.5)
[17:01:12] [Server thread/INFO]: Player333 joined the game
[17:01:20] [Server thread/INFO]: Player333 has just earned the achievement [Taking Inventory]
[17:01:20] [Client thread/INFO]: [CHAT] Player333 has just earned the achievement [Taking Inventory]
[17:01:40] [Client thread/INFO]: Warning: Clientside chunk ticking took 124 ms
[17:01:58] [Server thread/WARN]: Can't keep up! Did the system time change, or is the server overloaded? Running 2293ms behind, skipping 45 tick(s)
[17:02:17] [Client thread/INFO]: Warning: Clientside chunk ticking took 129 ms
[17:02:48] [Server thread/INFO]: Saving and pausing game...
[17:02:48] [Server thread/INFO]: Saving chunks for level 'New World'/Overworld
[17:02:49] [Server thread/INFO]: Saving chunks for level 'New World'/Nether
[17:02:49] [Server thread/INFO]: Saving chunks for level 'New World'/The End
[17:02:49] [Server thread/INFO]: Stopping server
[17:02:49] [Server thread/INFO]: Saving players
[17:02:49] [Server thread/INFO]: Saving worlds
[17:02:49] [Server thread/INFO]: Saving chunks for level 'New World'/Overworld
[17:02:49] [Server thread/INFO]: Saving chunks for level 'New World'/Nether
[17:02:49] [Server thread/INFO]: Saving chunks for level 'New World'/The End
[17:02:55] [Client thread/INFO]: Stopping!
